[global] WARN jun-20-2018 19:23 class org.logicware.prolog.jtrolog.JTrologEngine
FILE_NOT_FOUNDdat/hierarchical/test\metadata\schema.pl
java.io.FileNotFoundException: dat\hierarchical\test\metadata\schema.pl (El sistema no puede encontrar la ruta especificada)
java.io.FileInputStream.open0(Native Method)
java.io.FileInputStream.open(FileInputStream.java:195)
java.io.FileInputStream.<init>(FileInputStream.java:138)
java.io.FileInputStream.<init>(FileInputStream.java:93)
org.logicware.prolog.jtrolog.JTrologEngine.include(JTrologEngine.java:107)
org.logicware.prolog.jtrolog.JTrologEngine.consult(JTrologEngine.java:83)
org.logicware.pdb.storage.AbstractStorage.open(AbstractStorage.java:237)
org.logicware.pdb.AbstractTransaction.begin(AbstractTransaction.java:72)
org.logicware.pdb.AbstractSchema.flush(AbstractSchema.java:586)
org.logicware.DatabaseSchemaTest.testFlush(DatabaseSchemaTest.java:425)
sun.reflect.NativeMethodAccessorImpl.invoke0(Native Method)
sun.reflect.NativeMethodAccessorImpl.invoke(NativeMethodAccessorImpl.java:62)
sun.reflect.DelegatingMethodAccessorImpl.invoke(DelegatingMethodAccessorImpl.java:43)
java.lang.reflect.Method.invoke(Method.java:498)
org.junit.runners.model.FrameworkMethod$1.runReflectiveCall(FrameworkMethod.java:50)
org.junit.internal.runners.model.ReflectiveCallable.run(ReflectiveCallable.java:12)
org.junit.runners.model.FrameworkMethod.invokeExplosively(FrameworkMethod.java:47)
org.junit.internal.runners.statements.InvokeMethod.evaluate(InvokeMethod.java:17)
org.junit.internal.runners.statements.RunBefores.evaluate(RunBefores.java:26)
org.junit.internal.runners.statements.RunAfters.evaluate(RunAfters.java:27)
org.junit.runners.ParentRunner.runLeaf(ParentRunner.java:325)
org.junit.runners.BlockJUnit4ClassRunner.runChild(BlockJUnit4ClassRunner.java:78)
org.junit.runners.BlockJUnit4ClassRunner.runChild(BlockJUnit4ClassRunner.java:57)
org.junit.runners.ParentRunner$3.run(ParentRunner.java:290)
org.junit.runners.ParentRunner$1.schedule(ParentRunner.java:71)
org.junit.runners.ParentRunner.runChildren(ParentRunner.java:288)
org.junit.runners.ParentRunner.access$000(ParentRunner.java:58)
org.junit.runners.ParentRunner$2.evaluate(ParentRunner.java:268)
org.junit.runners.ParentRunner.run(ParentRunner.java:363)
org.eclipse.jdt.internal.junit4.runner.JUnit4TestReference.run(JUnit4TestReference.java:86)
org.eclipse.jdt.internal.junit.runner.TestExecution.run(TestExecution.java:38)
org.eclipse.jdt.internal.junit.runner.RemoteTestRunner.runTests(RemoteTestRunner.java:538)
org.eclipse.jdt.internal.junit.runner.RemoteTestRunner.runTests(RemoteTestRunner.java:760)
org.eclipse.jdt.internal.junit.runner.RemoteTestRunner.run(RemoteTestRunner.java:460)
org.eclipse.jdt.internal.junit.runner.RemoteTestRunner.main(RemoteTestRunner.java:206)

[global] ERROR jun-20-2018 19:46 class org.logicware.pdb.util.JavaReflect
CLASS_NOT_FOUND
java.lang.ClassNotFoundException: =:=
java.net.URLClassLoader.findClass(URLClassLoader.java:381)
java.lang.ClassLoader.loadClass(ClassLoader.java:424)
sun.misc.Launcher$AppClassLoader.loadClass(Launcher.java:335)
java.lang.ClassLoader.loadClass(ClassLoader.java:357)
java.lang.Class.forName0(Native Method)
java.lang.Class.forName(Class.java:264)
org.logicware.pdb.util.JavaReflect.classForName(JavaReflect.java:105)
org.logicware.pdb.container.AbstractContainer.classesOf(AbstractContainer.java:209)
org.logicware.pdb.container.AbstractContainer.classesOf(AbstractContainer.java:149)
org.logicware.pdb.storage.AbstractStorageManager.createQuery(AbstractStorageManager.java:210)
org.logicware.pdb.databse.AbstractHierarchicalDatabase.createQuery(AbstractHierarchicalDatabase.java:149)
org.logicware.HierarchicalDatabaseTest.testCreateQueryString(HierarchicalDatabaseTest.java:462)
sun.reflect.NativeMethodAccessorImpl.invoke0(Native Method)
sun.reflect.NativeMethodAccessorImpl.invoke(NativeMethodAccessorImpl.java:62)
sun.reflect.DelegatingMethodAccessorImpl.invoke(DelegatingMethodAccessorImpl.java:43)
java.lang.reflect.Method.invoke(Method.java:498)
org.junit.runners.model.FrameworkMethod$1.runReflectiveCall(FrameworkMethod.java:50)
org.junit.internal.runners.model.ReflectiveCallable.run(ReflectiveCallable.java:12)
org.junit.runners.model.FrameworkMethod.invokeExplosively(FrameworkMethod.java:47)
org.junit.internal.runners.statements.InvokeMethod.evaluate(InvokeMethod.java:17)
org.junit.internal.runners.statements.RunBefores.evaluate(RunBefores.java:26)
org.junit.internal.runners.statements.RunAfters.evaluate(RunAfters.java:27)
org.junit.runners.ParentRunner.runLeaf(ParentRunner.java:325)
org.junit.runners.BlockJUnit4ClassRunner.runChild(BlockJUnit4ClassRunner.java:78)
org.junit.runners.BlockJUnit4ClassRunner.runChild(BlockJUnit4ClassRunner.java:57)
org.junit.runners.ParentRunner$3.run(ParentRunner.java:290)
org.junit.runners.ParentRunner$1.schedule(ParentRunner.java:71)
org.junit.runners.ParentRunner.runChildren(ParentRunner.java:288)
org.junit.runners.ParentRunner.access$000(ParentRunner.java:58)
org.junit.runners.ParentRunner$2.evaluate(ParentRunner.java:268)
org.junit.runners.ParentRunner.run(ParentRunner.java:363)
org.eclipse.jdt.internal.junit4.runner.JUnit4TestReference.run(JUnit4TestReference.java:86)
org.eclipse.jdt.internal.junit.runner.TestExecution.run(TestExecution.java:38)
org.eclipse.jdt.internal.junit.runner.RemoteTestRunner.runTests(RemoteTestRunner.java:538)
org.eclipse.jdt.internal.junit.runner.RemoteTestRunner.runTests(RemoteTestRunner.java:760)
org.eclipse.jdt.internal.junit.runner.RemoteTestRunner.run(RemoteTestRunner.java:460)
org.eclipse.jdt.internal.junit.runner.RemoteTestRunner.main(RemoteTestRunner.java:206)

[global] ERROR jun-20-2018 19:46 class org.logicware.pdb.util.JavaReflect
CLASS_NOT_FOUND
java.lang.ClassNotFoundException: =:=
java.net.URLClassLoader.findClass(URLClassLoader.java:381)
java.lang.ClassLoader.loadClass(ClassLoader.java:424)
sun.misc.Launcher$AppClassLoader.loadClass(Launcher.java:335)
java.lang.ClassLoader.loadClass(ClassLoader.java:357)
java.lang.Class.forName0(Native Method)
java.lang.Class.forName(Class.java:264)
org.logicware.pdb.util.JavaReflect.classForName(JavaReflect.java:105)
org.logicware.pdb.container.AbstractContainer.classesOf(AbstractContainer.java:209)
org.logicware.pdb.container.AbstractContainer.classesOf(AbstractContainer.java:149)
org.logicware.pdb.storage.AbstractStorageManager.createQuery(AbstractStorageManager.java:210)
org.logicware.pdb.databse.AbstractHierarchicalDatabase.createQuery(AbstractHierarchicalDatabase.java:149)
org.logicware.HierarchicalDatabaseTest.testCreateQueryString(HierarchicalDatabaseTest.java:462)
sun.reflect.NativeMethodAccessorImpl.invoke0(Native Method)
sun.reflect.NativeMethodAccessorImpl.invoke(NativeMethodAccessorImpl.java:62)
sun.reflect.DelegatingMethodAccessorImpl.invoke(DelegatingMethodAccessorImpl.java:43)
java.lang.reflect.Method.invoke(Method.java:498)
org.junit.runners.model.FrameworkMethod$1.runReflectiveCall(FrameworkMethod.java:50)
org.junit.internal.runners.model.ReflectiveCallable.run(ReflectiveCallable.java:12)
org.junit.runners.model.FrameworkMethod.invokeExplosively(FrameworkMethod.java:47)
org.junit.internal.runners.statements.InvokeMethod.evaluate(InvokeMethod.java:17)
org.junit.internal.runners.statements.RunBefores.evaluate(RunBefores.java:26)
org.junit.internal.runners.statements.RunAfters.evaluate(RunAfters.java:27)
org.junit.runners.ParentRunner.runLeaf(ParentRunner.java:325)
org.junit.runners.BlockJUnit4ClassRunner.runChild(BlockJUnit4ClassRunner.java:78)
org.junit.runners.BlockJUnit4ClassRunner.runChild(BlockJUnit4ClassRunner.java:57)
org.junit.runners.ParentRunner$3.run(ParentRunner.java:290)
org.junit.runners.ParentRunner$1.schedule(ParentRunner.java:71)
org.junit.runners.ParentRunner.runChildren(ParentRunner.java:288)
org.junit.runners.ParentRunner.access$000(ParentRunner.java:58)
org.junit.runners.ParentRunner$2.evaluate(ParentRunner.java:268)
org.junit.runners.ParentRunner.run(ParentRunner.java:363)
org.eclipse.jdt.internal.junit4.runner.JUnit4TestReference.run(JUnit4TestReference.java:86)
org.eclipse.jdt.internal.junit.runner.TestExecution.run(TestExecution.java:38)
org.eclipse.jdt.internal.junit.runner.RemoteTestRunner.runTests(RemoteTestRunner.java:538)
org.eclipse.jdt.internal.junit.runner.RemoteTestRunner.runTests(RemoteTestRunner.java:760)
org.eclipse.jdt.internal.junit.runner.RemoteTestRunner.run(RemoteTestRunner.java:460)
org.eclipse.jdt.internal.junit.runner.RemoteTestRunner.main(RemoteTestRunner.java:206)

[global] ERROR jun-20-2018 19:46 class org.logicware.pdb.util.JavaReflect
CLASS_NOT_FOUND
java.lang.ClassNotFoundException: ==
java.net.URLClassLoader.findClass(URLClassLoader.java:381)
java.lang.ClassLoader.loadClass(ClassLoader.java:424)
sun.misc.Launcher$AppClassLoader.loadClass(Launcher.java:335)
java.lang.ClassLoader.loadClass(ClassLoader.java:357)
java.lang.Class.forName0(Native Method)
java.lang.Class.forName(Class.java:264)
org.logicware.pdb.util.JavaReflect.classForName(JavaReflect.java:105)
org.logicware.pdb.container.AbstractContainer.classesOf(AbstractContainer.java:209)
org.logicware.pdb.container.AbstractContainer.classesOf(AbstractContainer.java:149)
org.logicware.pdb.container.AbstractContainer.classesOf(AbstractContainer.java:145)
org.logicware.HierarchicalDatabaseTest.testClassesOfString(HierarchicalDatabaseTest.java:1083)
sun.reflect.NativeMethodAccessorImpl.invoke0(Native Method)
sun.reflect.NativeMethodAccessorImpl.invoke(NativeMethodAccessorImpl.java:62)
sun.reflect.DelegatingMethodAccessorImpl.invoke(DelegatingMethodAccessorImpl.java:43)
java.lang.reflect.Method.invoke(Method.java:498)
org.junit.runners.model.FrameworkMethod$1.runReflectiveCall(FrameworkMethod.java:50)
org.junit.internal.runners.model.ReflectiveCallable.run(ReflectiveCallable.java:12)
org.junit.runners.model.FrameworkMethod.invokeExplosively(FrameworkMethod.java:47)
org.junit.internal.runners.statements.InvokeMethod.evaluate(InvokeMethod.java:17)
org.junit.internal.runners.statements.RunBefores.evaluate(RunBefores.java:26)
org.junit.internal.runners.statements.RunAfters.evaluate(RunAfters.java:27)
org.junit.runners.ParentRunner.runLeaf(ParentRunner.java:325)
org.junit.runners.BlockJUnit4ClassRunner.runChild(BlockJUnit4ClassRunner.java:78)
org.junit.runners.BlockJUnit4ClassRunner.runChild(BlockJUnit4ClassRunner.java:57)
org.junit.runners.ParentRunner$3.run(ParentRunner.java:290)
org.junit.runners.ParentRunner$1.schedule(ParentRunner.java:71)
org.junit.runners.ParentRunner.runChildren(ParentRunner.java:288)
org.junit.runners.ParentRunner.access$000(ParentRunner.java:58)
org.junit.runners.ParentRunner$2.evaluate(ParentRunner.java:268)
org.junit.runners.ParentRunner.run(ParentRunner.java:363)
org.eclipse.jdt.internal.junit4.runner.JUnit4TestReference.run(JUnit4TestReference.java:86)
org.eclipse.jdt.internal.junit.runner.TestExecution.run(TestExecution.java:38)
org.eclipse.jdt.internal.junit.runner.RemoteTestRunner.runTests(RemoteTestRunner.java:538)
org.eclipse.jdt.internal.junit.runner.RemoteTestRunner.runTests(RemoteTestRunner.java:760)
org.eclipse.jdt.internal.junit.runner.RemoteTestRunner.run(RemoteTestRunner.java:460)
org.eclipse.jdt.internal.junit.runner.RemoteTestRunner.main(RemoteTestRunner.java:206)

[global] ERROR jun-20-2018 19:46 class org.logicware.pdb.util.JavaReflect
CLASS_NOT_FOUND
java.lang.ClassNotFoundException: ==
java.net.URLClassLoader.findClass(URLClassLoader.java:381)
java.lang.ClassLoader.loadClass(ClassLoader.java:424)
sun.misc.Launcher$AppClassLoader.loadClass(Launcher.java:335)
java.lang.ClassLoader.loadClass(ClassLoader.java:357)
java.lang.Class.forName0(Native Method)
java.lang.Class.forName(Class.java:264)
org.logicware.pdb.util.JavaReflect.classForName(JavaReflect.java:105)
org.logicware.pdb.container.AbstractContainer.classesOf(AbstractContainer.java:209)
org.logicware.pdb.container.AbstractContainer.classesOf(AbstractContainer.java:149)
org.logicware.pdb.container.AbstractContainer.classesOf(AbstractContainer.java:145)
org.logicware.HierarchicalDatabaseTest.testClassesOfString(HierarchicalDatabaseTest.java:1083)
sun.reflect.NativeMethodAccessorImpl.invoke0(Native Method)
sun.reflect.NativeMethodAccessorImpl.invoke(NativeMethodAccessorImpl.java:62)
sun.reflect.DelegatingMethodAccessorImpl.invoke(DelegatingMethodAccessorImpl.java:43)
java.lang.reflect.Method.invoke(Method.java:498)
org.junit.runners.model.FrameworkMethod$1.runReflectiveCall(FrameworkMethod.java:50)
org.junit.internal.runners.model.ReflectiveCallable.run(ReflectiveCallable.java:12)
org.junit.runners.model.FrameworkMethod.invokeExplosively(FrameworkMethod.java:47)
org.junit.internal.runners.statements.InvokeMethod.evaluate(InvokeMethod.java:17)
org.junit.internal.runners.statements.RunBefores.evaluate(RunBefores.java:26)
org.junit.internal.runners.statements.RunAfters.evaluate(RunAfters.java:27)
org.junit.runners.ParentRunner.runLeaf(ParentRunner.java:325)
org.junit.runners.BlockJUnit4ClassRunner.runChild(BlockJUnit4ClassRunner.java:78)
org.junit.runners.BlockJUnit4ClassRunner.runChild(BlockJUnit4ClassRunner.java:57)
org.junit.runners.ParentRunner$3.run(ParentRunner.java:290)
org.junit.runners.ParentRunner$1.schedule(ParentRunner.java:71)
org.junit.runners.ParentRunner.runChildren(ParentRunner.java:288)
org.junit.runners.ParentRunner.access$000(ParentRunner.java:58)
org.junit.runners.ParentRunner$2.evaluate(ParentRunner.java:268)
org.junit.runners.ParentRunner.run(ParentRunner.java:363)
org.eclipse.jdt.internal.junit4.runner.JUnit4TestReference.run(JUnit4TestReference.java:86)
org.eclipse.jdt.internal.junit.runner.TestExecution.run(TestExecution.java:38)
org.eclipse.jdt.internal.junit.runner.RemoteTestRunner.runTests(RemoteTestRunner.java:538)
org.eclipse.jdt.internal.junit.runner.RemoteTestRunner.runTests(RemoteTestRunner.java:760)
org.eclipse.jdt.internal.junit.runner.RemoteTestRunner.run(RemoteTestRunner.java:460)
org.eclipse.jdt.internal.junit.runner.RemoteTestRunner.main(RemoteTestRunner.java:206)

[global] WARN jun-20-2018 20:04 class org.logicware.prolog.jtrolog.JTrologEngine
FILE_NOT_FOUNDdat/hierarchical/test\metadata\schema.pl
java.io.FileNotFoundException: dat\hierarchical\test\metadata\schema.pl (El sistema no puede encontrar la ruta especificada)
java.io.FileInputStream.open0(Native Method)
java.io.FileInputStream.open(FileInputStream.java:195)
java.io.FileInputStream.<init>(FileInputStream.java:138)
java.io.FileInputStream.<init>(FileInputStream.java:93)
org.logicware.prolog.jtrolog.JTrologEngine.include(JTrologEngine.java:107)
org.logicware.prolog.jtrolog.JTrologEngine.consult(JTrologEngine.java:83)
org.logicware.pdb.storage.AbstractStorage.open(AbstractStorage.java:237)
org.logicware.pdb.AbstractTransaction.begin(AbstractTransaction.java:72)
org.logicware.pdb.AbstractSchema.flush(AbstractSchema.java:586)
org.logicware.DatabaseSchemaTest.testFlush(DatabaseSchemaTest.java:425)
sun.reflect.NativeMethodAccessorImpl.invoke0(Native Method)
sun.reflect.NativeMethodAccessorImpl.invoke(NativeMethodAccessorImpl.java:62)
sun.reflect.DelegatingMethodAccessorImpl.invoke(DelegatingMethodAccessorImpl.java:43)
java.lang.reflect.Method.invoke(Method.java:498)
org.junit.runners.model.FrameworkMethod$1.runReflectiveCall(FrameworkMethod.java:50)
org.junit.internal.runners.model.ReflectiveCallable.run(ReflectiveCallable.java:12)
org.junit.runners.model.FrameworkMethod.invokeExplosively(FrameworkMethod.java:47)
org.junit.internal.runners.statements.InvokeMethod.evaluate(InvokeMethod.java:17)
org.junit.internal.runners.statements.RunBefores.evaluate(RunBefores.java:26)
org.junit.internal.runners.statements.RunAfters.evaluate(RunAfters.java:27)
org.junit.runners.ParentRunner.runLeaf(ParentRunner.java:325)
org.junit.runners.BlockJUnit4ClassRunner.runChild(BlockJUnit4ClassRunner.java:78)
org.junit.runners.BlockJUnit4ClassRunner.runChild(BlockJUnit4ClassRunner.java:57)
org.junit.runners.ParentRunner$3.run(ParentRunner.java:290)
org.junit.runners.ParentRunner$1.schedule(ParentRunner.java:71)
org.junit.runners.ParentRunner.runChildren(ParentRunner.java:288)
org.junit.runners.ParentRunner.access$000(ParentRunner.java:58)
org.junit.runners.ParentRunner$2.evaluate(ParentRunner.java:268)
org.junit.runners.ParentRunner.run(ParentRunner.java:363)
org.eclipse.jdt.internal.junit4.runner.JUnit4TestReference.run(JUnit4TestReference.java:86)
org.eclipse.jdt.internal.junit.runner.TestExecution.run(TestExecution.java:38)
org.eclipse.jdt.internal.junit.runner.RemoteTestRunner.runTests(RemoteTestRunner.java:538)
org.eclipse.jdt.internal.junit.runner.RemoteTestRunner.runTests(RemoteTestRunner.java:760)
org.eclipse.jdt.internal.junit.runner.RemoteTestRunner.run(RemoteTestRunner.java:460)
org.eclipse.jdt.internal.junit.runner.RemoteTestRunner.main(RemoteTestRunner.java:206)

[global] WARN jun-20-2018 20:04 class org.logicware.prolog.jtrolog.JTrologEngine
FILE_NOT_FOUNDdat/hierarchical/test\metadata\schema.pl
java.io.FileNotFoundException: dat\hierarchical\test\metadata\schema.pl (El sistema no puede encontrar la ruta especificada)
java.io.FileInputStream.open0(Native Method)
java.io.FileInputStream.open(FileInputStream.java:195)
java.io.FileInputStream.<init>(FileInputStream.java:138)
java.io.FileInputStream.<init>(FileInputStream.java:93)
org.logicware.prolog.jtrolog.JTrologEngine.include(JTrologEngine.java:107)
org.logicware.prolog.jtrolog.JTrologEngine.consult(JTrologEngine.java:83)
org.logicware.pdb.storage.AbstractStorage.open(AbstractStorage.java:237)
org.logicware.pdb.AbstractTransaction.begin(AbstractTransaction.java:72)
org.logicware.pdb.AbstractSchema.load(AbstractSchema.java:547)
org.logicware.DatabaseSchemaTest.testLoad(DatabaseSchemaTest.java:410)
sun.reflect.NativeMethodAccessorImpl.invoke0(Native Method)
sun.reflect.NativeMethodAccessorImpl.invoke(NativeMethodAccessorImpl.java:62)
sun.reflect.DelegatingMethodAccessorImpl.invoke(DelegatingMethodAccessorImpl.java:43)
java.lang.reflect.Method.invoke(Method.java:498)
org.junit.runners.model.FrameworkMethod$1.runReflectiveCall(FrameworkMethod.java:50)
org.junit.internal.runners.model.ReflectiveCallable.run(ReflectiveCallable.java:12)
org.junit.runners.model.FrameworkMethod.invokeExplosively(FrameworkMethod.java:47)
org.junit.internal.runners.statements.InvokeMethod.evaluate(InvokeMethod.java:17)
org.junit.internal.runners.statements.RunBefores.evaluate(RunBefores.java:26)
org.junit.internal.runners.statements.RunAfters.evaluate(RunAfters.java:27)
org.junit.runners.ParentRunner.runLeaf(ParentRunner.java:325)
org.junit.runners.BlockJUnit4ClassRunner.runChild(BlockJUnit4ClassRunner.java:78)
org.junit.runners.BlockJUnit4ClassRunner.runChild(BlockJUnit4ClassRunner.java:57)
org.junit.runners.ParentRunner$3.run(ParentRunner.java:290)
org.junit.runners.ParentRunner$1.schedule(ParentRunner.java:71)
org.junit.runners.ParentRunner.runChildren(ParentRunner.java:288)
org.junit.runners.ParentRunner.access$000(ParentRunner.java:58)
org.junit.runners.ParentRunner$2.evaluate(ParentRunner.java:268)
org.junit.runners.ParentRunner.run(ParentRunner.java:363)
org.eclipse.jdt.internal.junit4.runner.JUnit4TestReference.run(JUnit4TestReference.java:86)
org.eclipse.jdt.internal.junit.runner.TestExecution.run(TestExecution.java:38)
org.eclipse.jdt.internal.junit.runner.RemoteTestRunner.runTests(RemoteTestRunner.java:538)
org.eclipse.jdt.internal.junit.runner.RemoteTestRunner.runTests(RemoteTestRunner.java:760)
org.eclipse.jdt.internal.junit.runner.RemoteTestRunner.run(RemoteTestRunner.java:460)
org.eclipse.jdt.internal.junit.runner.RemoteTestRunner.main(RemoteTestRunner.java:206)

[global] WARN jun-20-2018 20:10 class org.logicware.prolog.jtrolog.JTrologEngine
FILE_NOT_FOUNDdat/hierarchical/test\metadata\schema.pl
java.io.FileNotFoundException: dat\hierarchical\test\metadata\schema.pl (El sistema no puede encontrar la ruta especificada)
java.io.FileInputStream.open0(Native Method)
java.io.FileInputStream.open(FileInputStream.java:195)
java.io.FileInputStream.<init>(FileInputStream.java:138)
java.io.FileInputStream.<init>(FileInputStream.java:93)
org.logicware.prolog.jtrolog.JTrologEngine.include(JTrologEngine.java:107)
org.logicware.prolog.jtrolog.JTrologEngine.consult(JTrologEngine.java:83)
org.logicware.pdb.storage.AbstractStorage.open(AbstractStorage.java:237)
org.logicware.pdb.AbstractTransaction.begin(AbstractTransaction.java:72)
org.logicware.pdb.AbstractSchema.flush(AbstractSchema.java:586)
org.logicware.DatabaseSchemaTest.testFlush(DatabaseSchemaTest.java:425)
sun.reflect.NativeMethodAccessorImpl.invoke0(Native Method)
sun.reflect.NativeMethodAccessorImpl.invoke(NativeMethodAccessorImpl.java:62)
sun.reflect.DelegatingMethodAccessorImpl.invoke(DelegatingMethodAccessorImpl.java:43)
java.lang.reflect.Method.invoke(Method.java:498)
org.junit.runners.model.FrameworkMethod$1.runReflectiveCall(FrameworkMethod.java:50)
org.junit.internal.runners.model.ReflectiveCallable.run(ReflectiveCallable.java:12)
org.junit.runners.model.FrameworkMethod.invokeExplosively(FrameworkMethod.java:47)
org.junit.internal.runners.statements.InvokeMethod.evaluate(InvokeMethod.java:17)
org.junit.internal.runners.statements.RunBefores.evaluate(RunBefores.java:26)
org.junit.internal.runners.statements.RunAfters.evaluate(RunAfters.java:27)
org.junit.runners.ParentRunner.runLeaf(ParentRunner.java:325)
org.junit.runners.BlockJUnit4ClassRunner.runChild(BlockJUnit4ClassRunner.java:78)
org.junit.runners.BlockJUnit4ClassRunner.runChild(BlockJUnit4ClassRunner.java:57)
org.junit.runners.ParentRunner$3.run(ParentRunner.java:290)
org.junit.runners.ParentRunner$1.schedule(ParentRunner.java:71)
org.junit.runners.ParentRunner.runChildren(ParentRunner.java:288)
org.junit.runners.ParentRunner.access$000(ParentRunner.java:58)
org.junit.runners.ParentRunner$2.evaluate(ParentRunner.java:268)
org.junit.runners.ParentRunner.run(ParentRunner.java:363)
org.eclipse.jdt.internal.junit4.runner.JUnit4TestReference.run(JUnit4TestReference.java:86)
org.eclipse.jdt.internal.junit.runner.TestExecution.run(TestExecution.java:38)
org.eclipse.jdt.internal.junit.runner.RemoteTestRunner.runTests(RemoteTestRunner.java:538)
org.eclipse.jdt.internal.junit.runner.RemoteTestRunner.runTests(RemoteTestRunner.java:760)
org.eclipse.jdt.internal.junit.runner.RemoteTestRunner.run(RemoteTestRunner.java:460)
org.eclipse.jdt.internal.junit.runner.RemoteTestRunner.main(RemoteTestRunner.java:206)

[global] WARN jun-20-2018 20:10 class org.logicware.prolog.jtrolog.JTrologEngine
FILE_NOT_FOUNDdat/hierarchical/test\metadata\schema.pl
java.io.FileNotFoundException: dat\hierarchical\test\metadata\schema.pl (El sistema no puede encontrar la ruta especificada)
java.io.FileInputStream.open0(Native Method)
java.io.FileInputStream.open(FileInputStream.java:195)
java.io.FileInputStream.<init>(FileInputStream.java:138)
java.io.FileInputStream.<init>(FileInputStream.java:93)
org.logicware.prolog.jtrolog.JTrologEngine.include(JTrologEngine.java:107)
org.logicware.prolog.jtrolog.JTrologEngine.consult(JTrologEngine.java:83)
org.logicware.pdb.storage.AbstractStorage.open(AbstractStorage.java:237)
org.logicware.pdb.AbstractTransaction.begin(AbstractTransaction.java:72)
org.logicware.pdb.AbstractSchema.load(AbstractSchema.java:547)
org.logicware.DatabaseSchemaTest.testLoad(DatabaseSchemaTest.java:410)
sun.reflect.NativeMethodAccessorImpl.invoke0(Native Method)
sun.reflect.NativeMethodAccessorImpl.invoke(NativeMethodAccessorImpl.java:62)
sun.reflect.DelegatingMethodAccessorImpl.invoke(DelegatingMethodAccessorImpl.java:43)
java.lang.reflect.Method.invoke(Method.java:498)
org.junit.runners.model.FrameworkMethod$1.runReflectiveCall(FrameworkMethod.java:50)
org.junit.internal.runners.model.ReflectiveCallable.run(ReflectiveCallable.java:12)
org.junit.runners.model.FrameworkMethod.invokeExplosively(FrameworkMethod.java:47)
org.junit.internal.runners.statements.InvokeMethod.evaluate(InvokeMethod.java:17)
org.junit.internal.runners.statements.RunBefores.evaluate(RunBefores.java:26)
org.junit.internal.runners.statements.RunAfters.evaluate(RunAfters.java:27)
org.junit.runners.ParentRunner.runLeaf(ParentRunner.java:325)
org.junit.runners.BlockJUnit4ClassRunner.runChild(BlockJUnit4ClassRunner.java:78)
org.junit.runners.BlockJUnit4ClassRunner.runChild(BlockJUnit4ClassRunner.java:57)
org.junit.runners.ParentRunner$3.run(ParentRunner.java:290)
org.junit.runners.ParentRunner$1.schedule(ParentRunner.java:71)
org.junit.runners.ParentRunner.runChildren(ParentRunner.java:288)
org.junit.runners.ParentRunner.access$000(ParentRunner.java:58)
org.junit.runners.ParentRunner$2.evaluate(ParentRunner.java:268)
org.junit.runners.ParentRunner.run(ParentRunner.java:363)
org.eclipse.jdt.internal.junit4.runner.JUnit4TestReference.run(JUnit4TestReference.java:86)
org.eclipse.jdt.internal.junit.runner.TestExecution.run(TestExecution.java:38)
org.eclipse.jdt.internal.junit.runner.RemoteTestRunner.runTests(RemoteTestRunner.java:538)
org.eclipse.jdt.internal.junit.runner.RemoteTestRunner.runTests(RemoteTestRunner.java:760)
org.eclipse.jdt.internal.junit.runner.RemoteTestRunner.run(RemoteTestRunner.java:460)
org.eclipse.jdt.internal.junit.runner.RemoteTestRunner.main(RemoteTestRunner.java:206)

[global] WARN jun-20-2018 20:25 class org.logicware.prolog.jtrolog.JTrologEngine
FILE_NOT_FOUNDdat/hierarchical/test\metadata\schema.pl
java.io.FileNotFoundException: dat\hierarchical\test\metadata\schema.pl (El sistema no puede encontrar la ruta especificada)
java.io.FileInputStream.open0(Native Method)
java.io.FileInputStream.open(FileInputStream.java:195)
java.io.FileInputStream.<init>(FileInputStream.java:138)
java.io.FileInputStream.<init>(FileInputStream.java:93)
org.logicware.prolog.jtrolog.JTrologEngine.include(JTrologEngine.java:107)
org.logicware.prolog.jtrolog.JTrologEngine.consult(JTrologEngine.java:83)
org.logicware.pdb.storage.AbstractStorage.open(AbstractStorage.java:237)
org.logicware.pdb.AbstractTransaction.begin(AbstractTransaction.java:72)
org.logicware.pdb.AbstractSchema.flush(AbstractSchema.java:586)
org.logicware.DatabaseSchemaTest.testFlush(DatabaseSchemaTest.java:425)
sun.reflect.NativeMethodAccessorImpl.invoke0(Native Method)
sun.reflect.NativeMethodAccessorImpl.invoke(NativeMethodAccessorImpl.java:62)
sun.reflect.DelegatingMethodAccessorImpl.invoke(DelegatingMethodAccessorImpl.java:43)
java.lang.reflect.Method.invoke(Method.java:498)
org.junit.runners.model.FrameworkMethod$1.runReflectiveCall(FrameworkMethod.java:50)
org.junit.internal.runners.model.ReflectiveCallable.run(ReflectiveCallable.java:12)
org.junit.runners.model.FrameworkMethod.invokeExplosively(FrameworkMethod.java:47)
org.junit.internal.runners.statements.InvokeMethod.evaluate(InvokeMethod.java:17)
org.junit.internal.runners.statements.RunBefores.evaluate(RunBefores.java:26)
org.junit.internal.runners.statements.RunAfters.evaluate(RunAfters.java:27)
org.junit.runners.ParentRunner.runLeaf(ParentRunner.java:325)
org.junit.runners.BlockJUnit4ClassRunner.runChild(BlockJUnit4ClassRunner.java:78)
org.junit.runners.BlockJUnit4ClassRunner.runChild(BlockJUnit4ClassRunner.java:57)
org.junit.runners.ParentRunner$3.run(ParentRunner.java:290)
org.junit.runners.ParentRunner$1.schedule(ParentRunner.java:71)
org.junit.runners.ParentRunner.runChildren(ParentRunner.java:288)
org.junit.runners.ParentRunner.access$000(ParentRunner.java:58)
org.junit.runners.ParentRunner$2.evaluate(ParentRunner.java:268)
org.junit.runners.ParentRunner.run(ParentRunner.java:363)
org.eclipse.jdt.internal.junit4.runner.JUnit4TestReference.run(JUnit4TestReference.java:86)
org.eclipse.jdt.internal.junit.runner.TestExecution.run(TestExecution.java:38)
org.eclipse.jdt.internal.junit.runner.RemoteTestRunner.runTests(RemoteTestRunner.java:538)
org.eclipse.jdt.internal.junit.runner.RemoteTestRunner.runTests(RemoteTestRunner.java:760)
org.eclipse.jdt.internal.junit.runner.RemoteTestRunner.run(RemoteTestRunner.java:460)
org.eclipse.jdt.internal.junit.runner.RemoteTestRunner.main(RemoteTestRunner.java:206)

